  TestPlayground.cpp
C:\Program Files (x86)\Windows Kits\10\Include\10.0.22000.0\shared\minwindef.h(130,1): warning C4005: 'APIENTRY': redefinición de macro
C:\Users\sbons\OneDrive\Documentos\GitHub\TFG\TFG\TFG\Dependencies\GLFW\include\GLFW\glfw3.h(123,1): message : vea la definición anterior de 'APIENTRY'
C:\Users\sbons\OneDrive\Documentos\GitHub\TFG\TFG\TFG\TFG\src\tests\TestPlayground.cpp(281,56): warning C4244: '=': conversión de 'GLdouble' a 'GLfloat'; posible pérdida de datos
C:\Users\sbons\OneDrive\Documentos\GitHub\TFG\TFG\TFG\TFG\src\tests\TestPlayground.cpp(282,56): warning C4244: '=': conversión de 'GLdouble' a 'GLfloat'; posible pérdida de datos
C:\Users\sbons\OneDrive\Documentos\GitHub\TFG\TFG\TFG\TFG\src\tests\TestPlayground.cpp(283,44): warning C4244: '=': conversión de 'GLdouble' a 'GLfloat'; posible pérdida de datos
C:\Users\sbons\OneDrive\Documentos\GitHub\TFG\TFG\TFG\TFG\src\tests\TestPlayground.cpp(289,160): warning C4244: 'argumento': conversión de 'GLdouble' a 'GLfloat'; posible pérdida de datos
C:\Users\sbons\OneDrive\Documentos\GitHub\TFG\TFG\TFG\TFG\src\tests\TestPlayground.cpp(289,136): warning C4244: 'argumento': conversión de 'GLdouble' a 'GLfloat'; posible pérdida de datos
C:\Users\sbons\OneDrive\Documentos\GitHub\TFG\TFG\TFG\TFG\src\tests\TestPlayground.cpp(289,112): warning C4244: 'argumento': conversión de 'GLdouble' a 'GLfloat'; posible pérdida de datos
C:\Users\sbons\OneDrive\Documentos\GitHub\TFG\TFG\TFG\TFG\src\tests\TestPlayground.cpp(300,56): warning C4244: '=': conversión de 'GLdouble' a 'GLfloat'; posible pérdida de datos
C:\Users\sbons\OneDrive\Documentos\GitHub\TFG\TFG\TFG\TFG\src\tests\TestPlayground.cpp(301,56): warning C4244: '=': conversión de 'GLdouble' a 'GLfloat'; posible pérdida de datos
C:\Users\sbons\OneDrive\Documentos\GitHub\TFG\TFG\TFG\TFG\src\tests\TestPlayground.cpp(302,44): warning C4244: '=': conversión de 'GLdouble' a 'GLfloat'; posible pérdida de datos
C:\Users\sbons\OneDrive\Documentos\GitHub\TFG\TFG\TFG\TFG\src\tests\TestPlayground.cpp(308,160): warning C4244: 'argumento': conversión de 'GLdouble' a 'GLfloat'; posible pérdida de datos
C:\Users\sbons\OneDrive\Documentos\GitHub\TFG\TFG\TFG\TFG\src\tests\TestPlayground.cpp(308,136): warning C4244: 'argumento': conversión de 'GLdouble' a 'GLfloat'; posible pérdida de datos
C:\Users\sbons\OneDrive\Documentos\GitHub\TFG\TFG\TFG\TFG\src\tests\TestPlayground.cpp(308,112): warning C4244: 'argumento': conversión de 'GLdouble' a 'GLfloat'; posible pérdida de datos
C:\Users\sbons\OneDrive\Documentos\GitHub\TFG\TFG\TFG\TFG\src\tests\TestPlayground.cpp(319,56): warning C4244: '=': conversión de 'GLdouble' a 'GLfloat'; posible pérdida de datos
C:\Users\sbons\OneDrive\Documentos\GitHub\TFG\TFG\TFG\TFG\src\tests\TestPlayground.cpp(320,56): warning C4244: '=': conversión de 'GLdouble' a 'GLfloat'; posible pérdida de datos
C:\Users\sbons\OneDrive\Documentos\GitHub\TFG\TFG\TFG\TFG\src\tests\TestPlayground.cpp(321,44): warning C4244: '=': conversión de 'GLdouble' a 'GLfloat'; posible pérdida de datos
C:\Users\sbons\OneDrive\Documentos\GitHub\TFG\TFG\TFG\TFG\src\tests\TestPlayground.cpp(327,160): warning C4244: 'argumento': conversión de 'GLdouble' a 'GLfloat'; posible pérdida de datos
C:\Users\sbons\OneDrive\Documentos\GitHub\TFG\TFG\TFG\TFG\src\tests\TestPlayground.cpp(327,136): warning C4244: 'argumento': conversión de 'GLdouble' a 'GLfloat'; posible pérdida de datos
C:\Users\sbons\OneDrive\Documentos\GitHub\TFG\TFG\TFG\TFG\src\tests\TestPlayground.cpp(327,112): warning C4244: 'argumento': conversión de 'GLdouble' a 'GLfloat'; posible pérdida de datos
C:\Users\sbons\OneDrive\Documentos\GitHub\TFG\TFG\TFG\TFG\src\tests\TestPlayground.cpp(338,56): warning C4244: '=': conversión de 'GLdouble' a 'GLfloat'; posible pérdida de datos
C:\Users\sbons\OneDrive\Documentos\GitHub\TFG\TFG\TFG\TFG\src\tests\TestPlayground.cpp(339,56): warning C4244: '=': conversión de 'GLdouble' a 'GLfloat'; posible pérdida de datos
C:\Users\sbons\OneDrive\Documentos\GitHub\TFG\TFG\TFG\TFG\src\tests\TestPlayground.cpp(340,44): warning C4244: '=': conversión de 'GLdouble' a 'GLfloat'; posible pérdida de datos
C:\Users\sbons\OneDrive\Documentos\GitHub\TFG\TFG\TFG\TFG\src\tests\TestPlayground.cpp(346,160): warning C4244: 'argumento': conversión de 'GLdouble' a 'GLfloat'; posible pérdida de datos
C:\Users\sbons\OneDrive\Documentos\GitHub\TFG\TFG\TFG\TFG\src\tests\TestPlayground.cpp(346,136): warning C4244: 'argumento': conversión de 'GLdouble' a 'GLfloat'; posible pérdida de datos
C:\Users\sbons\OneDrive\Documentos\GitHub\TFG\TFG\TFG\TFG\src\tests\TestPlayground.cpp(346,112): warning C4244: 'argumento': conversión de 'GLdouble' a 'GLfloat'; posible pérdida de datos
C:\Users\sbons\OneDrive\Documentos\GitHub\TFG\TFG\TFG\TFG\src\tests\TestPlayground.cpp(357,56): warning C4244: '=': conversión de 'GLdouble' a 'GLfloat'; posible pérdida de datos
C:\Users\sbons\OneDrive\Documentos\GitHub\TFG\TFG\TFG\TFG\src\tests\TestPlayground.cpp(358,56): warning C4244: '=': conversión de 'GLdouble' a 'GLfloat'; posible pérdida de datos
C:\Users\sbons\OneDrive\Documentos\GitHub\TFG\TFG\TFG\TFG\src\tests\TestPlayground.cpp(359,44): warning C4244: '=': conversión de 'GLdouble' a 'GLfloat'; posible pérdida de datos
C:\Users\sbons\OneDrive\Documentos\GitHub\TFG\TFG\TFG\TFG\src\tests\TestPlayground.cpp(365,160): warning C4244: 'argumento': conversión de 'GLdouble' a 'GLfloat'; posible pérdida de datos
C:\Users\sbons\OneDrive\Documentos\GitHub\TFG\TFG\TFG\TFG\src\tests\TestPlayground.cpp(365,136): warning C4244: 'argumento': conversión de 'GLdouble' a 'GLfloat'; posible pérdida de datos
C:\Users\sbons\OneDrive\Documentos\GitHub\TFG\TFG\TFG\TFG\src\tests\TestPlayground.cpp(365,112): warning C4244: 'argumento': conversión de 'GLdouble' a 'GLfloat'; posible pérdida de datos
C:\Users\sbons\OneDrive\Documentos\GitHub\TFG\TFG\TFG\TFG\src\tests\TestPlayground.cpp(376,56): warning C4244: '=': conversión de 'GLdouble' a 'GLfloat'; posible pérdida de datos
C:\Users\sbons\OneDrive\Documentos\GitHub\TFG\TFG\TFG\TFG\src\tests\TestPlayground.cpp(377,56): warning C4244: '=': conversión de 'GLdouble' a 'GLfloat'; posible pérdida de datos
C:\Users\sbons\OneDrive\Documentos\GitHub\TFG\TFG\TFG\TFG\src\tests\TestPlayground.cpp(378,44): warning C4244: '=': conversión de 'GLdouble' a 'GLfloat'; posible pérdida de datos
C:\Users\sbons\OneDrive\Documentos\GitHub\TFG\TFG\TFG\TFG\src\tests\TestPlayground.cpp(384,160): warning C4244: 'argumento': conversión de 'GLdouble' a 'GLfloat'; posible pérdida de datos
C:\Users\sbons\OneDrive\Documentos\GitHub\TFG\TFG\TFG\TFG\src\tests\TestPlayground.cpp(384,136): warning C4244: 'argumento': conversión de 'GLdouble' a 'GLfloat'; posible pérdida de datos
C:\Users\sbons\OneDrive\Documentos\GitHub\TFG\TFG\TFG\TFG\src\tests\TestPlayground.cpp(384,112): warning C4244: 'argumento': conversión de 'GLdouble' a 'GLfloat'; posible pérdida de datos
C:\Users\sbons\OneDrive\Documentos\GitHub\TFG\TFG\TFG\TFG\src\tests\TestPlayground.cpp(395,56): warning C4244: '=': conversión de 'GLdouble' a 'GLfloat'; posible pérdida de datos
C:\Users\sbons\OneDrive\Documentos\GitHub\TFG\TFG\TFG\TFG\src\tests\TestPlayground.cpp(396,56): warning C4244: '=': conversión de 'GLdouble' a 'GLfloat'; posible pérdida de datos
C:\Users\sbons\OneDrive\Documentos\GitHub\TFG\TFG\TFG\TFG\src\tests\TestPlayground.cpp(397,44): warning C4244: '=': conversión de 'GLdouble' a 'GLfloat'; posible pérdida de datos
C:\Users\sbons\OneDrive\Documentos\GitHub\TFG\TFG\TFG\TFG\src\tests\TestPlayground.cpp(403,160): warning C4244: 'argumento': conversión de 'GLdouble' a 'GLfloat'; posible pérdida de datos
C:\Users\sbons\OneDrive\Documentos\GitHub\TFG\TFG\TFG\TFG\src\tests\TestPlayground.cpp(403,136): warning C4244: 'argumento': conversión de 'GLdouble' a 'GLfloat'; posible pérdida de datos
C:\Users\sbons\OneDrive\Documentos\GitHub\TFG\TFG\TFG\TFG\src\tests\TestPlayground.cpp(403,112): warning C4244: 'argumento': conversión de 'GLdouble' a 'GLfloat'; posible pérdida de datos
C:\Users\sbons\OneDrive\Documentos\GitHub\TFG\TFG\TFG\TFG\src\tests\TestPlayground.cpp(414,56): warning C4244: '=': conversión de 'GLdouble' a 'GLfloat'; posible pérdida de datos
C:\Users\sbons\OneDrive\Documentos\GitHub\TFG\TFG\TFG\TFG\src\tests\TestPlayground.cpp(415,56): warning C4244: '=': conversión de 'GLdouble' a 'GLfloat'; posible pérdida de datos
C:\Users\sbons\OneDrive\Documentos\GitHub\TFG\TFG\TFG\TFG\src\tests\TestPlayground.cpp(416,44): warning C4244: '=': conversión de 'GLdouble' a 'GLfloat'; posible pérdida de datos
C:\Users\sbons\OneDrive\Documentos\GitHub\TFG\TFG\TFG\TFG\src\tests\TestPlayground.cpp(422,160): warning C4244: 'argumento': conversión de 'GLdouble' a 'GLfloat'; posible pérdida de datos
C:\Users\sbons\OneDrive\Documentos\GitHub\TFG\TFG\TFG\TFG\src\tests\TestPlayground.cpp(422,136): warning C4244: 'argumento': conversión de 'GLdouble' a 'GLfloat'; posible pérdida de datos
C:\Users\sbons\OneDrive\Documentos\GitHub\TFG\TFG\TFG\TFG\src\tests\TestPlayground.cpp(422,112): warning C4244: 'argumento': conversión de 'GLdouble' a 'GLfloat'; posible pérdida de datos
C:\Users\sbons\OneDrive\Documentos\GitHub\TFG\TFG\TFG\TFG\src\tests\TestPlayground.cpp(274,18): warning C4101: 'renderer': variable local sin referencia
C:\Users\sbons\OneDrive\Documentos\GitHub\TFG\TFG\TFG\TFG\src\tests\TestPlayground.cpp(461,53): warning C4244: 'argumento': conversión de 'float' a 'int'; posible pérdida de datos
C:\Users\sbons\OneDrive\Documentos\GitHub\TFG\TFG\TFG\TFG\src\tests\TestPlayground.cpp(461,47): warning C4244: 'argumento': conversión de 'float' a 'int'; posible pérdida de datos
  TFG.vcxproj -> C:\Users\sbons\OneDrive\Documentos\GitHub\TFG\TFG\TFG\x64\Debug\TFG.exe
